0001_0094_0054_0274_0274.jpg 1 94 54 274 274
0002_0095_0179_0150_0150.jpg 1 95 179 150 150
0003_0172_0063_0212_0212.jpg 1 172 63 212 212
0004_0120_0034_0255_0255.jpg 1 120 34 255 255
0005_0122_0154_0200_0200.jpg 1 122 154 200 200
0006_0282_0034_0184_0184.jpg 1 282 34 184 184
0007_0117_0119_0307_0307.jpg 1 117 119 307 307
0008_0385_0249_0080_0080.jpg 1 385 249 80 80
0009_0209_0083_0299_0299.jpg 1 209 83 299 299
0010_0257_0111_0281_0281.jpg 1 257 111 281 281
0011_0140_0146_0231_0231.jpg 1 140 146 231 231
0012_0112_0139_0234_0234.jpg 1 112 139 234 234
0013_0333_0219_0025_0025.jpg 1 333 219 25 25
0014_0240_0065_0077_0077.jpg 1 240 65 77 77
0015_0346_0072_0149_0149.jpg 1 346 72 149 149
0016_0276_0236_0074_0074.jpg 1 276 236 74 74
0017_0175_0026_0332_0332.jpg 1 175 26 332 332
0018_0101_0104_0264_0264.jpg 1 101 104 264 264
0019_0259_0261_0068_0068.jpg 1 259 261 68 68
0020_0245_0061_0327_0327.jpg 1 245 61 327 327
0021_0071_0146_0294_0294.jpg 1 71 146 294 294
0022_0309_0064_0085_0085.jpg 1 309 64 85 85
0023_0120_0098_0173_0173.jpg 1 120 98 173 173
0024_0127_0126_0319_0319.jpg 1 127 126 319 319
0025_0096_0139_0294_0294.jpg 1 96 139 294 294
0026_0102_0076_0299_0299.jpg 1 102 76 299 299
0027_0087_0061_0044_0044.jpg 1 87 61 44 44
0028_0131_0052_0303_0303.jpg 1 131 52 303 303
0029_0169_0156_0280_0280.jpg 1 169 156 280 280
0030_0157_0050_0207_0207.jpg 1 157 50 207 207
0031_0253_0064_0315_0315.jpg 1 253 64 315 315
0032_0160_0137_0252_0252.jpg 1 160 137 252 252
0033_0181_0021_0298_0298.jpg 1 181 21 298 298
0034_0319_0225_0196_0196.jpg 1 319 225 196 196
0035_0363_0239_0136_0136.jpg 1 363 239 136 136
0036_0155_0073_0301_0301.jpg 1 155 73 301 301
0037_0117_0078_0262_0262.jpg 1 117 78 262 262
0038_0204_0098_0294_0294.jpg 1 204 98 294 294
0039_0208_0123_0219_0219.jpg 1 208 123 219 219
0040_0079_0089_0059_0059.jpg 1 79 89 59 59
0041_0328_0084_0196_0196.jpg 1 328 84 196 196
0042_0076_0048_0238_0238.jpg 1 76 48 238 238
0043_0116_0055_0088_0088.jpg 1 116 55 88 88
0044_0193_0029_0248_0248.jpg 1 193 29 248 248
0045_0084_0161_0196_0196.jpg 1 84 161 196 196
0046_0081_0228_0163_0163.jpg 1 81 228 163 163
0047_0135_0093_0324_0324.jpg 1 135 93 324 324
0048_0388_0158_0068_0068.jpg 1 388 158 68 68
0049_0415_0352_0024_0024.jpg 1 415 352 24 24
0050_0278_0185_0223_0223.jpg 1 278 185 223 223
0051_0083_0237_0031_0031.jpg 1 83 237 31 31
0052_0350_0052_0123_0123.jpg 1 350 52 123 123
0053_0073_0107_0113_0113.jpg 1 73 107 113 113
0054_0139_0136_0189_0189.jpg 1 139 136 189 189
0055_0295_0073_0249_0249.jpg 1 295 73 249 249
0056_0203_0088_0132_0132.jpg 1 203 88 132 132
0057_0232_0095_0237_0237.jpg 1 232 95 237 237
0058_0188_0250_0058_0058.jpg 1 188 250 58 58
0059_0206_0289_0076_0076.jpg 1 206 289 76 76
0060_0320_0083_0171_0171.jpg 1 320 83 171 171
0061_0246_0075_0309_0309.jpg 1 246 75 309 309
0062_0060_0287_0037_0037.jpg 1 60 287 37 37
0063_0320_0109_0083_0083.jpg 1 320 109 83 83
0064_0179_0151_0175_0175.jpg 1 179 151 175 175
0065_0166_0212_0198_0198.jpg 1 166 212 198 198
0066_0291_0048_0270_0270.jpg 1 291 48 270 270
0067_0179_0049_0219_0219.jpg 1 179 49 219 219
0068_0122_0177_0045_0045.jpg 1 122 177 45 45
0069_0177_0290_0030_0030.jpg 1 177 290 30 30
0070_0407_0173_0067_0067.jpg 1 407 173 67 67
0071_0207_0202_0197_0197.jpg 1 207 202 197 197
0072_0239_0116_0317_0317.jpg 1 239 116 317 317
0073_0126_0160_0184_0184.jpg 1 126 160 184 184
0074_0155_0040_0275_0275.jpg 1 155 40 275 275
0075_0208_0065_0281_0281.jpg 1 208 65 281 281
0076_0096_0079_0328_0328.jpg 1 96 79 328 328
0077_0063_0112_0286_0286.jpg 1 63 112 286 286
0078_0372_0060_0146_0146.jpg 1 372 60 146 146
0079_0042_0121_0313_0313.jpg 1 42 121 313 313
0080_0415_0078_0103_0103.jpg 1 415 78 103 103
0081_0108_0291_0108_0108.jpg 1 108 291 108 108
0082_0100_0113_0307_0307.jpg 1 100 113 307 307
0083_0107_0116_0104_0104.jpg 1 107 116 104 104
0084_0249_0135_0305_0305.jpg 1 249 135 305 305
0085_0343_0048_0178_0178.jpg 1 343 48 178 178
0086_0055_0129_0220_0220.jpg 1 55 129 220 220
0087_0394_0231_0102_0102.jpg 1 394 231 102 102
0088_0146_0203_0059_0059.jpg 1 146 203 59 59
0089_0308_0156_0189_0189.jpg 1 308 156 189 189
0090_0147_0111_0277_0277.jpg 1 147 111 277 277
0091_0208_0162_0174_0174.jpg 1 208 162 174 174
0092_0194_0060_0172_0172.jpg 1 194 60 172 172
0093_0220_0106_0274_0274.jpg 1 220 106 274 274
0094_0253_0100_0223_0223.jpg 1 253 100 223 223
0095_0311_0076_0244_0244.jpg 1 311 76 244 244
0096_0099_0067_0235_0235.jpg 1 99 67 235 235
0097_0216_0101_0292_0292.jpg 1 216 101 292 292
0098_0098_0074_0327_0327.jpg 1 98 74 327 327
0099_0167_0240_0128_0128.jpg 1 167 240 128 128
0100_0159_0154_0163_0163.jpg 1 159 154 163 163
0101_0154_0186_0216_0216.jpg 1 154 186 216 216
0102_0238_0289_0062_0062.jpg 1 238 289 62 62
0103_0176_0054_0078_0078.jpg 1 176 54 78 78
0104_0105_0087_0212_0212.jpg 1 105 87 212 212
0105_0128_0077_0335_0335.jpg 1 128 77 335 335
0106_0198_0186_0227_0227.jpg 1 198 186 227 227
0107_0119_0141_0264_0264.jpg 1 119 141 264 264
0108_0111_0302_0051_0051.jpg 1 111 302 51 51
0109_0229_0060_0274_0274.jpg 1 229 60 274 274
0110_0264_0268_0107_0107.jpg 1 264 268 107 107
0111_0471_0212_0033_0033.jpg 1 471 212 33 33
0112_0156_0205_0204_0204.jpg 1 156 205 204 204
0113_0393_0081_0142_0142.jpg 1 393 81 142 142
0114_0076_0066_0276_0276.jpg 1 76 66 276 276
0115_0293_0254_0139_0139.jpg 1 293 254 139 139
0116_0204_0071_0267_0267.jpg 1 204 71 267 267
0117_0114_0193_0046_0046.jpg 1 114 193 46 46
0118_0253_0181_0138_0138.jpg 1 253 181 138 138
0119_0091_0124_0251_0251.jpg 1 91 124 251 251
0120_0076_0105_0258_0258.jpg 1 76 105 258 258
0121_0135_0106_0210_0210.jpg 1 135 106 210 210
0122_0062_0132_0276_0276.jpg 1 62 132 276 276
0123_0263_0111_0256_0256.jpg 1 263 111 256 256
0124_0212_0063_0102_0102.jpg 1 212 63 102 102
0125_0199_0030_0193_0193.jpg 1 199 30 193 193
0126_0282_0319_0057_0057.jpg 1 282 319 57 57
0127_0229_0219_0130_0130.jpg 1 229 219 130 130
0128_0123_0185_0178_0178.jpg 1 123 185 178 178
0129_0388_0280_0119_0119.jpg 1 388 280 119 119
0130_0333_0045_0137_0137.jpg 1 333 45 137 137
0131_0128_0063_0307_0307.jpg 1 128 63 307 307
0132_0262_0136_0153_0153.jpg 1 262 136 153 153
0133_0381_0280_0122_0122.jpg 1 381 280 122 122
0134_0310_0112_0179_0179.jpg 1 310 112 179 179
0135_0461_0278_0050_0050.jpg 1 461 278 50 50
0136_0410_0246_0082_0082.jpg 1 410 246 82 82
0137_0413_0114_0082_0082.jpg 1 413 114 82 82
0138_0268_0135_0094_0094.jpg 1 268 135 94 94
0139_0359_0174_0169_0169.jpg 1 359 174 169 169
0140_0069_0298_0051_0051.jpg 1 69 298 51 51
0141_0210_0093_0167_0167.jpg 1 210 93 167 167
0142_0309_0031_0247_0247.jpg 1 309 31 247 247
0143_0398_0154_0079_0079.jpg 1 398 154 79 79
0144_0268_0083_0121_0121.jpg 1 268 83 121 121
0145_0191_0177_0177_0177.jpg 1 191 177 177 177
0146_0155_0033_0324_0324.jpg 1 155 33 324 324
0147_0194_0110_0313_0313.jpg 1 194 110 313 313
0148_0209_0059_0195_0195.jpg 1 209 59 195 195
0149_0301_0234_0138_0138.jpg 1 301 234 138 138
0150_0146_0129_0103_0103.jpg 1 146 129 103 103
0151_0429_0268_0096_0096.jpg 1 429 268 96 96
0152_0060_0039_0232_0232.jpg 1 60 39 232 232
0153_0310_0080_0157_0157.jpg 1 310 80 157 157
0154_0214_0048_0297_0297.jpg 1 214 48 297 297
0155_0315_0144_0234_0234.jpg 1 315 144 234 234
0156_0136_0101_0263_0263.jpg 1 136 101 263 263
0157_0091_0059_0251_0251.jpg 1 91 59 251 251
0158_0141_0021_0306_0306.jpg 1 141 21 306 306
0159_0363_0262_0148_0148.jpg 1 363 262 148 148
0160_0200_0133_0134_0134.jpg 1 200 133 134 134
0161_0122_0148_0044_0044.jpg 1 122 148 44 44
0162_0118_0210_0044_0044.jpg 1 118 210 44 44
0163_0269_0093_0260_0260.jpg 1 269 93 260 260
0164_0075_0040_0228_0228.jpg 1 75 40 228 228
0165_0075_0207_0197_0197.jpg 1 75 207 197 197
0166_0368_0087_0097_0097.jpg 1 368 87 97 97
0167_0239_0315_0050_0050.jpg 1 239 315 50 50
0168_0138_0169_0057_0057.jpg 1 138 169 57 57
0169_0338_0214_0034_0034.jpg 1 338 214 34 34
0170_0090_0024_0242_0242.jpg 1 90 24 242 242
0171_0180_0052_0226_0226.jpg 1 180 52 226 226
0172_0319_0181_0095_0095.jpg 1 319 181 95 95
0173_0045_0039_0261_0261.jpg 1 45 39 261 261
0174_0298_0251_0073_0073.jpg 1 298 251 73 73
0175_0089_0090_0325_0325.jpg 1 89 90 325 325
0176_0126_0085_0089_0089.jpg 1 126 85 89 89
0177_0410_0139_0088_0088.jpg 1 410 139 88 88
0178_0394_0237_0119_0119.jpg 1 394 237 119 119
0179_0109_0147_0207_0207.jpg 1 109 147 207 207
0180_0061_0328_0047_0047.jpg 1 61 328 47 47
0181_0361_0118_0127_0127.jpg 1 361 118 127 127
0182_0081_0063_0335_0335.jpg 1 81 63 335 335
0183_0207_0168_0034_0034.jpg 1 207 168 34 34
0184_0120_0054_0145_0145.jpg 1 120 54 145 145
0185_0113_0140_0213_0213.jpg 1 113 140 213 213
0186_0091_0081_0137_0137.jpg 1 91 81 137 137
0187_0186_0175_0215_0215.jpg 1 186 175 215 215
0188_0084_0120_0266_0266.jpg 1 84 120 266 266
0189_0138_0210_0108_0108.jpg 1 138 210 108 108
0190_0143_0313_0069_0069.jpg 1 143 313 69 69
0191_0230_0159_0264_0264.jpg 1 230 159 264 264
0192_0225_0086_0110_0110.jpg 1 225 86 110 110
0193_0117_0034_0315_0315.jpg 1 117 34 315 315
0194_0167_0063_0335_0335.jpg 1 167 63 335 335
0195_0100_0142_0063_0063.jpg 1 100 142 63 63
0196_0242_0119_0303_0303.jpg 1 242 119 303 303
0197_0105_0088_0129_0129.jpg 1 105 88 129 129
0198_0306_0223_0181_0181.jpg 1 306 223 181 181
0199_0321_0153_0181_0181.jpg 1 321 153 181 181
0200_0064_0058_0259_0259.jpg 1 64 58 259 259
0201_0337_0076_0207_0207.jpg 1 337 76 207 207
0202_0144_0176_0174_0174.jpg 1 144 176 174 174
0203_0082_0087_0335_0335.jpg 1 82 87 335 335
0204_0143_0072_0228_0228.jpg 1 143 72 228 228
0205_0125_0179_0163_0163.jpg 1 125 179 163 163
0206_0126_0032_0309_0309.jpg 1 126 32 309 309
0207_0248_0064_0258_0258.jpg 1 248 64 258 258
0208_0059_0137_0291_0291.jpg 1 59 137 291 291
0209_0139_0104_0330_0330.jpg 1 139 104 330 330
0210_0195_0183_0053_0053.jpg 1 195 183 53 53
0211_0290_0056_0044_0044.jpg 1 290 56 44 44
0212_0204_0151_0264_0264.jpg 1 204 151 264 264
0213_0207_0110_0033_0033.jpg 1 207 110 33 33
0214_0251_0042_0313_0313.jpg 1 251 42 313 313
0215_0300_0217_0165_0165.jpg 1 300 217 165 165
0216_0176_0178_0166_0166.jpg 1 176 178 166 166
0217_0321_0237_0176_0176.jpg 1 321 237 176 176
0218_0267_0053_0249_0249.jpg 1 267 53 249 249
0219_0358_0249_0102_0102.jpg 1 358 249 102 102
0220_0170_0229_0142_0142.jpg 1 170 229 142 142
0221_0366_0100_0099_0099.jpg 1 366 100 99 99
0222_0353_0037_0189_0189.jpg 1 353 37 189 189
0223_0073_0141_0042_0042.jpg 1 73 141 42 42
0224_0272_0152_0234_0234.jpg 1 272 152 234 234
0225_0049_0165_0203_0203.jpg 1 49 165 203 203
0226_0199_0088_0224_0224.jpg 1 199 88 224 224
0227_0347_0214_0150_0150.jpg 1 347 214 150 150
0228_0110_0289_0094_0094.jpg 1 110 289 94 94
0229_0152_0039_0318_0318.jpg 1 152 39 318 318
0230_0243_0123_0318_0318.jpg 1 243 123 318 318
0231_0145_0111_0289_0289.jpg 1 145 111 289 289
0232_0133_0186_0226_0226.jpg 1 133 186 226 226
0233_0070_0136_0193_0193.jpg 1 70 136 193 193
0234_0218_0036_0248_0248.jpg 1 218 36 248 248
0235_0134_0031_0273_0273.jpg 1 134 31 273 273
0236_0390_0223_0041_0041.jpg 1 390 223 41 41
0237_0121_0058_0130_0130.jpg 1 121 58 130 130
0238_0239_0127_0304_0304.jpg 1 239 127 304 304
0239_0088_0095_0334_0334.jpg 1 88 95 334 334
0240_0380_0251_0119_0119.jpg 1 380 251 119 119
0241_0328_0235_0179_0179.jpg 1 328 235 179 179
0242_0121_0202_0165_0165.jpg 1 121 202 165 165
0243_0117_0032_0284_0284.jpg 1 117 32 284 284
0244_0241_0114_0311_0311.jpg 1 241 114 311 311
0245_0313_0083_0205_0205.jpg 1 313 83 205 205
0246_0280_0217_0138_0138.jpg 1 280 217 138 138
0247_0119_0069_0332_0332.jpg 1 119 69 332 332
0248_0197_0154_0118_0118.jpg 1 197 154 118 118
0249_0270_0127_0100_0100.jpg 1 270 127 100 100
0250_0098_0080_0191_0191.jpg 1 98 80 191 191
0251_0118_0106_0272_0272.jpg 1 118 106 272 272
0252_0303_0115_0230_0230.jpg 1 303 115 230 230
0253_0092_0062_0144_0144.jpg 1 92 62 144 144
0254_0091_0080_0216_0216.jpg 1 91 80 216 216
0255_0407_0046_0104_0104.jpg 1 407 46 104 104
0256_0279_0174_0090_0090.jpg 1 279 174 90 90
0257_0238_0176_0212_0212.jpg 1 238 176 212 212
0258_0061_0049_0159_0159.jpg 1 61 49 159 159
0259_0174_0220_0041_0041.jpg 1 174 220 41 41
0260_0450_0302_0071_0071.jpg 1 450 302 71 71
0261_0323_0167_0119_0119.jpg 1 323 167 119 119
0262_0074_0101_0127_0127.jpg 1 74 101 127 127
0263_0263_0062_0279_0279.jpg 1 263 62 279 279
0264_0147_0147_0236_0236.jpg 1 147 147 236 236
0265_0225_0157_0237_0237.jpg 1 225 157 237 237
0266_0057_0264_0141_0141.jpg 1 57 264 141 141
0267_0457_0063_0056_0056.jpg 1 457 63 56 56
0268_0193_0193_0214_0214.jpg 1 193 193 214 214
0269_0090_0090_0254_0254.jpg 1 90 90 254 254
0270_0173_0041_0257_0257.jpg 1 173 41 257 257
0271_0239_0107_0215_0215.jpg 1 239 107 215 215
0272_0273_0282_0031_0031.jpg 1 273 282 31 31
0273_0067_0076_0288_0288.jpg 1 67 76 288 288
0274_0118_0286_0025_0025.jpg 1 118 286 25 25
0275_0120_0147_0176_0176.jpg 1 120 147 176 176
0276_0196_0060_0124_0124.jpg 1 196 60 124 124
0277_0141_0039_0267_0267.jpg 1 141 39 267 267
0278_0166_0269_0108_0108.jpg 1 166 269 108 108
0279_0196_0053_0096_0096.jpg 1 196 53 96 96
0280_0328_0076_0202_0202.jpg 1 328 76 202 202
0281_0202_0114_0321_0321.jpg 1 202 114 321 321
0282_0329_0181_0186_0186.jpg 1 329 181 186 186
0283_0217_0087_0309_0309.jpg 1 217 87 309 309
0284_0121_0117_0065_0065.jpg 1 121 117 65 65
0285_0307_0141_0164_0164.jpg 1 307 141 164 164
0286_0201_0068_0329_0329.jpg 1 201 68 329 329
0287_0049_0041_0276_0276.jpg 1 49 41 276 276
0288_0357_0214_0113_0113.jpg 1 357 214 113 113
0289_0168_0225_0116_0116.jpg 1 168 225 116 116
0290_0158_0056_0285_0285.jpg 1 158 56 285 285
0291_0201_0058_0266_0266.jpg 1 201 58 266 266
0292_0275_0156_0280_0280.jpg 1 275 156 280 280
0293_0271_0203_0089_0089.jpg 1 271 203 89 89
0294_0103_0115_0289_0289.jpg 1 103 115 289 289
0295_0194_0034_0292_0292.jpg 1 194 34 292 292
0296_0174_0227_0025_0025.jpg 1 174 227 25 25
0297_0224_0070_0188_0188.jpg 1 224 70 188 188
0298_0219_0121_0327_0327.jpg 1 219 121 327 327
0299_0268_0104_0298_0298.jpg 1 268 104 298 298
0300_0160_0105_0282_0282.jpg 1 160 105 282 282
0301_0075_0037_0285_0285.jpg 1 75 37 285 285
0302_0168_0064_0332_0332.jpg 1 168 64 332 332
0303_0060_0109_0329_0329.jpg 1 60 109 329 329
0304_0315_0097_0225_0225.jpg 1 315 97 225 225
0305_0411_0174_0076_0076.jpg 1 411 174 76 76
0306_0198_0130_0301_0301.jpg 1 198 130 301 301
0307_0052_0024_0281_0281.jpg 1 52 24 281 281
0308_0144_0111_0287_0287.jpg 1 144 111 287 287
0309_0235_0110_0317_0317.jpg 1 235 110 317 317
0310_0204_0144_0133_0133.jpg 1 204 144 133 133
0311_0402_0169_0057_0057.jpg 1 402 169 57 57
0312_0447_0162_0035_0035.jpg 1 447 162 35 35
0313_0454_0322_0052_0052.jpg 1 454 322 52 52
0314_0328_0115_0160_0160.jpg 1 328 115 160 160
0315_0130_0113_0258_0258.jpg 1 130 113 258 258
0316_0120_0118_0282_0282.jpg 1 120 118 282 282
0317_0242_0035_0311_0311.jpg 1 242 35 311 311
0318_0115_0131_0310_0310.jpg 1 115 131 310 310
0319_0351_0247_0031_0031.jpg 1 351 247 31 31
0320_0074_0167_0269_0269.jpg 1 74 167 269 269
0321_0393_0325_0055_0055.jpg 1 393 325 55 55
0322_0120_0235_0068_0068.jpg 1 120 235 68 68
0323_0098_0114_0293_0293.jpg 1 98 114 293 293
0324_0218_0145_0282_0282.jpg 1 218 145 282 282
0325_0136_0064_0258_0258.jpg 1 136 64 258 258
0326_0106_0114_0177_0177.jpg 1 106 114 177 177
0327_0230_0103_0264_0264.jpg 1 230 103 264 264
0328_0262_0060_0251_0251.jpg 1 262 60 251 251
0329_0045_0052_0234_0234.jpg 1 45 52 234 234
0330_0266_0202_0167_0167.jpg 1 266 202 167 167
0331_0120_0095_0142_0142.jpg 1 120 95 142 142
0332_0071_0076_0134_0134.jpg 1 71 76 134 134
0333_0110_0250_0102_0102.jpg 1 110 250 102 102
0334_0096_0029_0318_0318.jpg 1 96 29 318 318
0335_0157_0349_0029_0029.jpg 1 157 349 29 29
0336_0156_0046_0331_0331.jpg 1 156 46 331 331
0337_0115_0055_0246_0246.jpg 1 115 55 246 246
0338_0264_0106_0155_0155.jpg 1 264 106 155 155
0339_0179_0138_0083_0083.jpg 1 179 138 83 83
0340_0237_0242_0102_0102.jpg 1 237 242 102 102
0341_0132_0226_0119_0119.jpg 1 132 226 119 119
0342_0335_0078_0200_0200.jpg 1 335 78 200 200
0343_0074_0125_0094_0094.jpg 1 74 125 94 94
0344_0251_0053_0315_0315.jpg 1 251 53 315 315
0345_0129_0087_0241_0241.jpg 1 129 87 241 241
0346_0438_0239_0083_0083.jpg 1 438 239 83 83
0347_0116_0048_0182_0182.jpg 1 116 48 182 182
0348_0116_0084_0319_0319.jpg 1 116 84 319 319
0349_0102_0166_0270_0270.jpg 1 102 166 270 270
0350_0157_0113_0300_0300.jpg 1 157 113 300 300
0351_0173_0182_0211_0211.jpg 1 173 182 211 211
0352_0110_0171_0238_0238.jpg 1 110 171 238 238
0353_0126_0155_0046_0046.jpg 1 126 155 46 46
0354_0207_0211_0050_0050.jpg 1 207 211 50 50
0355_0129_0081_0332_0332.jpg 1 129 81 332 332
0356_0242_0061_0119_0119.jpg 1 242 61 119 119
0357_0083_0050_0204_0204.jpg 1 83 50 204 204
0358_0153_0110_0316_0316.jpg 1 153 110 316 316
0359_0075_0048_0222_0222.jpg 1 75 48 222 222
0360_0261_0100_0092_0092.jpg 1 261 100 92 92
0361_0207_0073_0231_0231.jpg 1 207 73 231 231
0362_0248_0117_0213_0213.jpg 1 248 117 213 213
0363_0113_0173_0195_0195.jpg 1 113 173 195 195
0364_0160_0109_0313_0313.jpg 1 160 109 313 313
0365_0144_0124_0065_0065.jpg 1 144 124 65 65
0366_0356_0275_0084_0084.jpg 1 356 275 84 84
0367_0220_0138_0093_0093.jpg 1 220 138 93 93
0368_0152_0308_0054_0054.jpg 1 152 308 54 54
0369_0314_0155_0215_0215.jpg 1 314 155 215 215
0370_0274_0125_0153_0153.jpg 1 274 125 153 153
0371_0384_0215_0080_0080.jpg 1 384 215 80 80
0372_0155_0021_0292_0292.jpg 1 155 21 292 292
0373_0129_0226_0169_0169.jpg 1 129 226 169 169
0374_0226_0112_0226_0226.jpg 1 226 112 226 226
0375_0251_0135_0202_0202.jpg 1 251 135 202 202
0376_0292_0324_0034_0034.jpg 1 292 324 34 34
0377_0161_0056_0180_0180.jpg 1 161 56 180 180
0378_0155_0053_0139_0139.jpg 1 155 53 139 139
0379_0132_0258_0101_0101.jpg 1 132 258 101 101
0380_0277_0121_0032_0032.jpg 1 277 121 32 32
0381_0280_0070_0165_0165.jpg 1 280 70 165 165
0382_0211_0083_0158_0158.jpg 1 211 83 158 158
0383_0157_0076_0113_0113.jpg 1 157 76 113 113
0384_0238_0119_0300_0300.jpg 1 238 119 300 300
0385_0175_0120_0212_0212.jpg 1 175 120 212 212
0386_0228_0044_0246_0246.jpg 1 228 44 246 246
0387_0183_0134_0270_0270.jpg 1 183 134 270 270
0388_0205_0063_0233_0233.jpg 1 205 63 233 233
0389_0130_0081_0036_0036.jpg 1 130 81 36 36
0390_0175_0130_0243_0243.jpg 1 175 130 243 243
0391_0222_0218_0183_0183.jpg 1 222 218 183 183
0392_0195_0134_0216_0216.jpg 1 195 134 216 216
0393_0089_0108_0160_0160.jpg 1 89 108 160 160
0394_0068_0148_0248_0248.jpg 1 68 148 248 248
0395_0122_0149_0279_0279.jpg 1 122 149 279 279
0396_0228_0104_0173_0173.jpg 1 228 104 173 173
0397_0155_0108_0325_0325.jpg 1 155 108 325 325
0398_0162_0089_0232_0232.jpg 1 162 89 232 232
0399_0296_0147_0205_0205.jpg 1 296 147 205 205
0400_0163_0064_0334_0334.jpg 1 163 64 334 334
0401_0218_0037_0239_0239.jpg 1 218 37 239 239
0402_0040_0117_0250_0250.jpg 1 40 117 250 250
0403_0167_0259_0141_0141.jpg 1 167 259 141 141
0404_0283_0323_0050_0050.jpg 1 283 323 50 50
0405_0315_0168_0158_0158.jpg 1 315 168 158 158
0406_0194_0105_0252_0252.jpg 1 194 105 252 252
0407_0056_0087_0080_0080.jpg 1 56 87 80 80
0408_0367_0256_0025_0025.jpg 1 367 256 25 25
0409_0248_0015_0328_0328.jpg 1 248 15 328 328
0410_0231_0301_0089_0089.jpg 1 231 301 89 89
0411_0236_0144_0115_0115.jpg 1 236 144 115 115
0412_0307_0099_0085_0085.jpg 1 307 99 85 85
0413_0111_0265_0133_0133.jpg 1 111 265 133 133
0414_0129_0041_0316_0316.jpg 1 129 41 316 316
0415_0074_0021_0335_0335.jpg 1 74 21 335 335
0416_0222_0057_0095_0095.jpg 1 222 57 95 95
0417_0194_0090_0136_0136.jpg 1 194 90 136 136
0418_0361_0103_0137_0137.jpg 1 361 103 137 137
0419_0057_0127_0232_0232.jpg 1 57 127 232 232
0420_0158_0144_0198_0198.jpg 1 158 144 198 198
0421_0195_0124_0318_0318.jpg 1 195 124 318 318
0422_0067_0081_0301_0301.jpg 1 67 81 301 301
0423_0146_0209_0208_0208.jpg 1 146 209 208 208
0424_0326_0116_0041_0041.jpg 1 326 116 41 41
0425_0072_0056_0270_0270.jpg 1 72 56 270 270
0426_0240_0130_0153_0153.jpg 1 240 130 153 153
0427_0040_0092_0301_0301.jpg 1 40 92 301 301
0428_0146_0077_0251_0251.jpg 1 146 77 251 251
0429_0397_0213_0128_0128.jpg 1 397 213 128 128
0430_0194_0100_0082_0082.jpg 1 194 100 82 82
0431_0201_0100_0072_0072.jpg 1 201 100 72 72
0432_0225_0048_0205_0205.jpg 1 225 48 205 205
0433_0115_0297_0065_0065.jpg 1 115 297 65 65
0434_0102_0091_0172_0172.jpg 1 102 91 172 172
0435_0320_0084_0186_0186.jpg 1 320 84 186 186
0436_0080_0118_0089_0089.jpg 1 80 118 89 89
0437_0134_0163_0263_0263.jpg 1 134 163 263 263
0438_0088_0189_0179_0179.jpg 1 88 189 179 179
0439_0261_0039_0298_0298.jpg 1 261 39 298 298
0440_0080_0103_0043_0043.jpg 1 80 103 43 43
0441_0271_0038_0255_0255.jpg 1 271 38 255 255
0442_0296_0157_0233_0233.jpg 1 296 157 233 233
0443_0059_0059_0166_0166.jpg 1 59 59 166 166
0444_0234_0233_0104_0104.jpg 1 234 233 104 104
0445_0235_0043_0253_0253.jpg 1 235 43 253 253
0446_0318_0081_0129_0129.jpg 1 318 81 129 129
0447_0237_0050_0165_0165.jpg 1 237 50 165 165
0448_0139_0102_0324_0324.jpg 1 139 102 324 324
0449_0159_0196_0222_0222.jpg 1 159 196 222 222
0450_0194_0112_0268_0268.jpg 1 194 112 268 268
0451_0278_0078_0275_0275.jpg 1 278 78 275 275
0452_0179_0070_0292_0292.jpg 1 179 70 292 292
0453_0104_0133_0176_0176.jpg 1 104 133 176 176
0454_0067_0150_0094_0094.jpg 1 67 150 94 94
0455_0293_0261_0045_0045.jpg 1 293 261 45 45
0456_0347_0208_0064_0064.jpg 1 347 208 64 64
0457_0101_0140_0296_0296.jpg 1 101 140 296 296
0458_0213_0146_0255_0255.jpg 1 213 146 255 255
0459_0252_0122_0216_0216.jpg 1 252 122 216 216
0460_0251_0109_0261_0261.jpg 1 251 109 261 261
0461_0291_0051_0075_0075.jpg 1 291 51 75 75
0462_0257_0043_0182_0182.jpg 1 257 43 182 182
0463_0286_0208_0195_0195.jpg 1 286 208 195 195
0464_0116_0114_0315_0315.jpg 1 116 114 315 315
0465_0164_0110_0312_0312.jpg 1 164 110 312 312
0466_0129_0344_0025_0025.jpg 1 129 344 25 25
0467_0241_0104_0285_0285.jpg 1 241 104 285 285
0468_0198_0129_0041_0041.jpg 1 198 129 41 41
0469_0404_0117_0128_0128.jpg 1 404 117 128 128
0470_0240_0094_0316_0316.jpg 1 240 94 316 316
0471_0087_0222_0138_0138.jpg 1 87 222 138 138
0472_0249_0096_0029_0029.jpg 1 249 96 29 29
0473_0182_0191_0088_0088.jpg 1 182 191 88 88
0474_0165_0137_0088_0088.jpg 1 165 137 88 88
0475_0208_0102_0239_0239.jpg 1 208 102 239 239
0476_0443_0329_0047_0047.jpg 1 443 329 47 47
0477_0191_0090_0158_0158.jpg 1 191 90 158 158
0478_0260_0037_0250_0250.jpg 1 260 37 250 250
0479_0324_0208_0114_0114.jpg 1 324 208 114 114
0480_0223_0306_0076_0076.jpg 1 223 306 76 76
0481_0260_0087_0122_0122.jpg 1 260 87 122 122
0482_0306_0109_0069_0069.jpg 1 306 109 69 69
0483_0224_0040_0230_0230.jpg 1 224 40 230 230
0484_0261_0051_0291_0291.jpg 1 261 51 291 291
0485_0377_0041_0134_0134.jpg 1 377 41 134 134
0486_0239_0083_0266_0266.jpg 1 239 83 266 266
0487_0352_0101_0147_0147.jpg 1 352 101 147 147
0488_0228_0026_0320_0320.jpg 1 228 26 320 320
0489_0158_0082_0302_0302.jpg 1 158 82 302 302
0490_0409_0092_0100_0100.jpg 1 409 92 100 100
0491_0307_0132_0127_0127.jpg 1 307 132 127 127
0492_0234_0029_0240_0240.jpg 1 234 29 240 240
0493_0265_0078_0143_0143.jpg 1 265 78 143 143
0494_0231_0118_0295_0295.jpg 1 231 118 295 295
0495_0284_0091_0204_0204.jpg 1 284 91 204 204
0496_0144_0191_0162_0162.jpg 1 144 191 162 162
0497_0228_0071_0335_0335.jpg 1 228 71 335 335
0498_0061_0127_0260_0260.jpg 1 61 127 260 260
0499_0348_0088_0038_0038.jpg 1 348 88 38 38
0500_0120_0095_0264_0264.jpg 1 120 95 264 264
0501_0429_0049_0070_0070.jpg 1 429 49 70 70
0502_0218_0062_0304_0304.jpg 1 218 62 304 304
0503_0056_0160_0100_0100.jpg 1 56 160 100 100
0504_0443_0157_0035_0035.jpg 1 443 157 35 35
0505_0053_0033_0329_0329.jpg 1 53 33 329 329
0506_0459_0058_0026_0026.jpg 1 459 58 26 26
0507_0361_0213_0126_0126.jpg 1 361 213 126 126
0508_0086_0146_0240_0240.jpg 1 86 146 240 240
0509_0060_0052_0211_0211.jpg 1 60 52 211 211
0510_0233_0112_0259_0259.jpg 1 233 112 259 259
0511_0193_0114_0119_0119.jpg 1 193 114 119 119
0512_0378_0116_0092_0092.jpg 1 378 116 92 92
0513_0241_0108_0129_0129.jpg 1 241 108 129 129
0514_0120_0210_0090_0090.jpg 1 120 210 90 90
0515_0211_0063_0109_0109.jpg 1 211 63 109 109
0516_0143_0228_0163_0163.jpg 1 143 228 163 163
0517_0200_0080_0277_0277.jpg 1 200 80 277 277
0518_0411_0254_0077_0077.jpg 1 411 254 77 77
0519_0259_0179_0202_0202.jpg 1 259 179 202 202
0520_0332_0116_0076_0076.jpg 1 332 116 76 76
0521_0308_0139_0211_0211.jpg 1 308 139 211 211
0522_0050_0155_0268_0268.jpg 1 50 155 268 268
0523_0294_0089_0260_0260.jpg 1 294 89 260 260
0524_0218_0083_0321_0321.jpg 1 218 83 321 321
0525_0125_0117_0305_0305.jpg 1 125 117 305 305
0526_0439_0130_0034_0034.jpg 1 439 130 34 34
0527_0344_0319_0069_0069.jpg 1 344 319 69 69
0528_0437_0246_0055_0055.jpg 1 437 246 55 55
0529_0188_0129_0079_0079.jpg 1 188 129 79 79
0530_0255_0186_0133_0133.jpg 1 255 186 133 133
0531_0217_0025_0305_0305.jpg 1 217 25 305 305
0532_0126_0250_0053_0053.jpg 1 126 250 53 53
0533_0297_0205_0061_0061.jpg 1 297 205 61 61
0534_0281_0071_0206_0206.jpg 1 281 71 206 206
0535_0102_0167_0139_0139.jpg 1 102 167 139 139
0536_0148_0135_0266_0266.jpg 1 148 135 266 266
0537_0281_0219_0156_0156.jpg 1 281 219 156 156
0538_0241_0109_0287_0287.jpg 1 241 109 287 287
0539_0099_0225_0026_0026.jpg 1 99 225 26 26
0540_0389_0217_0134_0134.jpg 1 389 217 134 134
0541_0192_0129_0312_0312.jpg 1 192 129 312 312
0542_0215_0060_0078_0078.jpg 1 215 60 78 78
0543_0446_0130_0073_0073.jpg 1 446 130 73 73
0544_0176_0114_0272_0272.jpg 1 176 114 272 272
0545_0185_0189_0243_0243.jpg 1 185 189 243 243
0546_0103_0199_0176_0176.jpg 1 103 199 176 176
0547_0117_0158_0123_0123.jpg 1 117 158 123 123
0548_0267_0080_0299_0299.jpg 1 267 80 299 299
0549_0061_0171_0245_0245.jpg 1 61 171 245 245
0550_0421_0216_0046_0046.jpg 1 421 216 46 46
0551_0347_0157_0202_0202.jpg 1 347 157 202 202
0552_0158_0149_0053_0053.jpg 1 158 149 53 53
0553_0360_0035_0158_0158.jpg 1 360 35 158 158
0554_0213_0216_0130_0130.jpg 1 213 216 130 130
0555_0064_0205_0049_0049.jpg 1 64 205 49 49
0556_0139_0053_0289_0289.jpg 1 139 53 289 289
0557_0211_0111_0275_0275.jpg 1 211 111 275 275
0558_0172_0099_0313_0313.jpg 1 172 99 313 313
0559_0048_0049_0251_0251.jpg 1 48 49 251 251
0560_0163_0116_0238_0238.jpg 1 163 116 238 238
0561_0378_0108_0114_0114.jpg 1 378 108 114 114
0562_0340_0095_0135_0135.jpg 1 340 95 135 135
0563_0075_0181_0222_0222.jpg 1 75 181 222 222
0564_0147_0050_0200_0200.jpg 1 147 50 200 200
0565_0169_0045_0260_0260.jpg 1 169 45 260 260
0566_0365_0299_0054_0054.jpg 1 365 299 54 54
0567_0062_0229_0140_0140.jpg 1 62 229 140 140
0568_0087_0051_0027_0027.jpg 1 87 51 27 27
0569_0364_0213_0164_0164.jpg 1 364 213 164 164
0570_0096_0244_0025_0025.jpg 1 96 244 25 25
0571_0211_0218_0077_0077.jpg 1 211 218 77 77
0572_0153_0188_0136_0136.jpg 1 153 188 136 136
0573_0114_0186_0065_0065.jpg 1 114 186 65 65
0574_0260_0100_0277_0277.jpg 1 260 100 277 277
0575_0424_0064_0105_0105.jpg 1 424 64 105 105
0576_0349_0235_0038_0038.jpg 1 349 235 38 38
0577_0358_0099_0189_0189.jpg 1 358 99 189 189
0578_0285_0082_0264_0264.jpg 1 285 82 264 264
0579_0249_0134_0261_0261.jpg 1 249 134 261 261
0580_0228_0140_0064_0064.jpg 1 228 140 64 64
0581_0063_0241_0094_0094.jpg 1 63 241 94 94
0582_0108_0077_0292_0292.jpg 1 108 77 292 292
0583_0475_0280_0024_0024.jpg 1 475 280 24 24
0584_0134_0247_0049_0049.jpg 1 134 247 49 49
0585_0369_0259_0139_0139.jpg 1 369 259 139 139
0586_0472_0275_0047_0047.jpg 1 472 275 47 47
0587_0091_0105_0238_0238.jpg 1 91 105 238 238
0588_0172_0072_0140_0140.jpg 1 172 72 140 140
0589_0205_0241_0062_0062.jpg 1 205 241 62 62
0590_0201_0064_0149_0149.jpg 1 201 64 149 149
0591_0123_0319_0080_0080.jpg 1 123 319 80 80
0592_0420_0280_0090_0090.jpg 1 420 280 90 90
0593_0347_0231_0141_0141.jpg 1 347 231 141 141
0594_0149_0209_0029_0029.jpg 1 149 209 29 29
0595_0070_0190_0173_0173.jpg 1 70 190 173 173
0596_0409_0160_0115_0115.jpg 1 409 160 115 115
0597_0443_0063_0049_0049.jpg 1 443 63 49 49
0598_0062_0136_0309_0309.jpg 1 62 136 309 309
0599_0226_0096_0308_0308.jpg 1 226 96 308 308
0600_0473_0087_0036_0036.jpg 1 473 87 36 36
0601_0401_0049_0132_0132.jpg 1 401 49 132 132
0602_0382_0255_0127_0127.jpg 1 382 255 127 127
0603_0189_0119_0257_0257.jpg 1 189 119 257 257
0604_0248_0180_0197_0197.jpg 1 248 180 197 197
0605_0157_0069_0271_0271.jpg 1 157 69 271 271
0606_0214_0208_0037_0037.jpg 1 214 208 37 37
0607_0242_0074_0255_0255.jpg 1 242 74 255 255
0608_0081_0313_0071_0071.jpg 1 81 313 71 71
0609_0347_0114_0180_0180.jpg 1 347 114 180 180
0610_0034_0142_0301_0301.jpg 1 34 142 301 301
0611_0147_0065_0072_0072.jpg 1 147 65 72 72
0612_0314_0169_0244_0244.jpg 1 314 169 244 244
0613_0246_0048_0129_0129.jpg 1 246 48 129 129
0614_0298_0117_0224_0224.jpg 1 298 117 224 224
0615_0285_0055_0196_0196.jpg 1 285 55 196 196
0616_0152_0068_0296_0296.jpg 1 152 68 296 296
0617_0207_0110_0335_0335.jpg 1 207 110 335 335
0618_0077_0073_0228_0228.jpg 1 77 73 228 228
0619_0077_0043_0280_0280.jpg 1 77 43 280 280
0620_0190_0177_0063_0063.jpg 1 190 177 63 63
0621_0190_0084_0277_0277.jpg 1 190 84 277 277
0622_0221_0188_0185_0185.jpg 1 221 188 185 185
0623_0480_0084_0038_0038.jpg 1 480 84 38 38
0624_0374_0261_0103_0103.jpg 1 374 261 103 103
0625_0148_0056_0289_0289.jpg 1 148 56 289 289
0626_0181_0048_0230_0230.jpg 1 181 48 230 230
0627_0144_0230_0191_0191.jpg 1 144 230 191 191
0628_0094_0027_0295_0295.jpg 1 94 27 295 295
0629_0067_0244_0155_0155.jpg 1 67 244 155 155
0630_0179_0197_0115_0115.jpg 1 179 197 115 115
0631_0081_0023_0271_0271.jpg 1 81 23 271 271
0632_0124_0190_0029_0029.jpg 1 124 190 29 29
0633_0240_0100_0243_0243.jpg 1 240 100 243 243
0634_0361_0169_0091_0091.jpg 1 361 169 91 91
0635_0420_0138_0043_0043.jpg 1 420 138 43 43
0636_0256_0116_0201_0201.jpg 1 256 116 201 201
0637_0360_0175_0116_0116.jpg 1 360 175 116 116
0638_0253_0181_0135_0135.jpg 1 253 181 135 135
0639_0118_0188_0151_0151.jpg 1 118 188 151 151
0640_0095_0118_0315_0315.jpg 1 95 118 315 315
0641_0072_0021_0317_0317.jpg 1 72 21 317 317
0642_0073_0048_0187_0187.jpg 1 73 48 187 187
0643_0130_0070_0314_0314.jpg 1 130 70 314 314
0644_0283_0063_0243_0243.jpg 1 283 63 243 243
0645_0210_0023_0309_0309.jpg 1 210 23 309 309
0646_0215_0039_0306_0306.jpg 1 215 39 306 306
0647_0089_0112_0269_0269.jpg 1 89 112 269 269
0648_0156_0134_0242_0242.jpg 1 156 134 242 242
0649_0119_0227_0189_0189.jpg 1 119 227 189 189
0650_0150_0163_0126_0126.jpg 1 150 163 126 126
0651_0345_0194_0204_0204.jpg 1 345 194 204 204
0652_0325_0156_0136_0136.jpg 1 325 156 136 136
0653_0163_0084_0242_0242.jpg 1 163 84 242 242
0654_0369_0177_0136_0136.jpg 1 369 177 136 136
0655_0138_0021_0290_0290.jpg 1 138 21 290 290
0656_0198_0220_0102_0102.jpg 1 198 220 102 102
0657_0234_0027_0219_0219.jpg 1 234 27 219 219
0658_0465_0237_0056_0056.jpg 1 465 237 56 56
0659_0316_0072_0242_0242.jpg 1 316 72 242 242
0660_0068_0086_0152_0152.jpg 1 68 86 152 152
0661_0322_0101_0115_0115.jpg 1 322 101 115 115
0662_0146_0276_0062_0062.jpg 1 146 276 62 62
0663_0157_0197_0065_0065.jpg 1 157 197 65 65
0664_0247_0115_0062_0062.jpg 1 247 115 62 62
0665_0232_0031_0223_0223.jpg 1 232 31 223 223
0666_0150_0183_0117_0117.jpg 1 150 183 117 117
0667_0177_0171_0037_0037.jpg 1 177 171 37 37
0668_0307_0248_0157_0157.jpg 1 307 248 157 157
0669_0454_0187_0061_0061.jpg 1 454 187 61 61
0670_0190_0163_0152_0152.jpg 1 190 163 152 152
0671_0309_0202_0100_0100.jpg 1 309 202 100 100
0672_0035_0083_0327_0327.jpg 1 35 83 327 327
0673_0388_0102_0120_0120.jpg 1 388 102 120 120
0674_0275_0114_0094_0094.jpg 1 275 114 94 94
0675_0191_0247_0151_0151.jpg 1 191 247 151 151
0676_0147_0029_0322_0322.jpg 1 147 29 322 322
0677_0113_0049_0028_0028.jpg 1 113 49 28 28
0678_0209_0260_0103_0103.jpg 1 209 260 103 103
0679_0313_0259_0068_0068.jpg 1 313 259 68 68
0680_0218_0149_0204_0204.jpg 1 218 149 204 204
0681_0131_0245_0135_0135.jpg 1 131 245 135 135
0682_0152_0122_0293_0293.jpg 1 152 122 293 293
0683_0165_0100_0272_0272.jpg 1 165 100 272 272
0684_0154_0266_0070_0070.jpg 1 154 266 70 70
0685_0233_0172_0243_0243.jpg 1 233 172 243 243
0686_0059_0208_0208_0208.jpg 1 59 208 208 208
0687_0117_0227_0141_0141.jpg 1 117 227 141 141
0688_0410_0219_0127_0127.jpg 1 410 219 127 127
0689_0178_0177_0236_0236.jpg 1 178 177 236 236
0690_0314_0233_0148_0148.jpg 1 314 233 148 148
0691_0275_0190_0216_0216.jpg 1 275 190 216 216
0692_0332_0041_0130_0130.jpg 1 332 41 130 130
0693_0183_0202_0131_0131.jpg 1 183 202 131 131
0694_0114_0045_0270_0270.jpg 1 114 45 270 270
0695_0177_0071_0099_0099.jpg 1 177 71 99 99
0696_0290_0070_0266_0266.jpg 1 290 70 266 266
0697_0168_0072_0163_0163.jpg 1 168 72 163 163
0698_0275_0039_0272_0272.jpg 1 275 39 272 272
0699_0168_0105_0305_0305.jpg 1 168 105 305 305
0700_0308_0227_0131_0131.jpg 1 308 227 131 131
0701_0058_0096_0300_0300.jpg 1 58 96 300 300
0702_0077_0286_0028_0028.jpg 1 77 286 28 28
0703_0119_0027_0241_0241.jpg 1 119 27 241 241
0704_0333_0097_0035_0035.jpg 1 333 97 35 35
0705_0215_0098_0202_0202.jpg 1 215 98 202 202
0706_0265_0151_0024_0024.jpg 1 265 151 24 24
0707_0269_0222_0029_0029.jpg 1 269 222 29 29
0708_0212_0032_0311_0311.jpg 1 212 32 311 311
0709_0088_0148_0134_0134.jpg 1 88 148 134 134
0710_0155_0208_0167_0167.jpg 1 155 208 167 167
0711_0106_0117_0330_0330.jpg 1 106 117 330 330
0712_0065_0182_0231_0231.jpg 1 65 182 231 231
0713_0276_0133_0252_0252.jpg 1 276 133 252 252
0714_0260_0037_0188_0188.jpg 1 260 37 188 188
0715_0296_0064_0188_0188.jpg 1 296 64 188 188
0716_0474_0214_0026_0026.jpg 1 474 214 26 26
0717_0268_0086_0282_0282.jpg 1 268 86 282 282
0718_0137_0299_0038_0038.jpg 1 137 299 38 38
0719_0335_0220_0150_0150.jpg 1 335 220 150 150
0720_0178_0087_0283_0283.jpg 1 178 87 283 283
0721_0238_0239_0115_0115.jpg 1 238 239 115 115
0722_0042_0102_0259_0259.jpg 1 42 102 259 259
0723_0273_0187_0037_0037.jpg 1 273 187 37 37
0724_0258_0202_0133_0133.jpg 1 258 202 133 133
0725_0073_0046_0310_0310.jpg 1 73 46 310 310
0726_0097_0138_0200_0200.jpg 1 97 138 200 200
0727_0321_0037_0193_0193.jpg 1 321 37 193 193
0728_0135_0071_0319_0319.jpg 1 135 71 319 319
0729_0190_0108_0137_0137.jpg 1 190 108 137 137
0730_0298_0089_0178_0178.jpg 1 298 89 178 178
0731_0145_0102_0292_0292.jpg 1 145 102 292 292
0732_0333_0205_0194_0194.jpg 1 333 205 194 194
0733_0247_0132_0297_0297.jpg 1 247 132 297 297
0734_0179_0183_0175_0175.jpg 1 179 183 175 175
0735_0226_0283_0040_0040.jpg 1 226 283 40 40
0736_0077_0058_0332_0332.jpg 1 77 58 332 332
0737_0066_0123_0275_0275.jpg 1 66 123 275 275
0738_0075_0160_0083_0083.jpg 1 75 160 83 83
0739_0432_0153_0050_0050.jpg 1 432 153 50 50
0740_0142_0196_0204_0204.jpg 1 142 196 204 204
0741_0298_0319_0064_0064.jpg 1 298 319 64 64
0742_0281_0340_0036_0036.jpg 1 281 340 36 36
0743_0156_0210_0162_0162.jpg 1 156 210 162 162
0744_0074_0088_0316_0316.jpg 1 74 88 316 316
0745_0272_0055_0097_0097.jpg 1 272 55 97 97
0746_0187_0194_0089_0089.jpg 1 187 194 89 89
0747_0223_0077_0320_0320.jpg 1 223 77 320 320
0748_0293_0204_0087_0087.jpg 1 293 204 87 87
0749_0135_0142_0276_0276.jpg 1 135 142 276 276
0750_0193_0116_0331_0331.jpg 1 193 116 331 331
0751_0260_0025_0255_0255.jpg 1 260 25 255 255
0752_0373_0330_0027_0027.jpg 1 373 330 27 27
0753_0353_0048_0101_0101.jpg 1 353 48 101 101
0754_0058_0129_0166_0166.jpg 1 58 129 166 166
0755_0192_0078_0308_0308.jpg 1 192 78 308 308
0756_0169_0184_0048_0048.jpg 1 169 184 48 48
0757_0284_0125_0253_0253.jpg 1 284 125 253 253
0758_0107_0115_0283_0283.jpg 1 107 115 283 283
0759_0250_0210_0204_0204.jpg 1 250 210 204 204
0760_0330_0262_0061_0061.jpg 1 330 262 61 61
0761_0190_0084_0066_0066.jpg 1 190 84 66 66
0762_0193_0016_0334_0334.jpg 1 193 16 334 334
0763_0161_0043_0209_0209.jpg 1 161 43 209 209
0764_0333_0184_0169_0169.jpg 1 333 184 169 169
0765_0281_0044_0171_0171.jpg 1 281 44 171 171
0766_0380_0155_0147_0147.jpg 1 380 155 147 147
0767_0240_0247_0068_0068.jpg 1 240 247 68 68
0768_0158_0043_0197_0197.jpg 1 158 43 197 197
0769_0265_0226_0118_0118.jpg 1 265 226 118 118
0770_0295_0191_0110_0110.jpg 1 295 191 110 110
0771_0404_0221_0053_0053.jpg 1 404 221 53 53
0772_0129_0224_0043_0043.jpg 1 129 224 43 43
0773_0251_0032_0325_0325.jpg 1 251 32 325 325
0774_0142_0034_0326_0326.jpg 1 142 34 326 326
0775_0279_0224_0127_0127.jpg 1 279 224 127 127
0776_0155_0305_0048_0048.jpg 1 155 305 48 48
0777_0305_0093_0193_0193.jpg 1 305 93 193 193
0778_0137_0080_0291_0291.jpg 1 137 80 291 291
0779_0040_0148_0259_0259.jpg 1 40 148 259 259
0780_0272_0069_0293_0293.jpg 1 272 69 293 293
0781_0297_0089_0245_0245.jpg 1 297 89 245 245
0782_0191_0230_0060_0060.jpg 1 191 230 60 60
0783_0302_0143_0093_0093.jpg 1 302 143 93 93
0784_0070_0108_0307_0307.jpg 1 70 108 307 307
0785_0444_0303_0055_0055.jpg 1 444 303 55 55
0786_0367_0327_0058_0058.jpg 1 367 327 58 58
0787_0265_0096_0290_0290.jpg 1 265 96 290 290
0788_0205_0132_0202_0202.jpg 1 205 132 202 202
0789_0399_0096_0083_0083.jpg 1 399 96 83 83
0790_0192_0052_0049_0049.jpg 1 192 52 49 49
0791_0120_0126_0195_0195.jpg 1 120 126 195 195
0792_0184_0093_0257_0257.jpg 1 184 93 257 257
0793_0296_0214_0156_0156.jpg 1 296 214 156 156
0794_0210_0299_0045_0045.jpg 1 210 299 45 45
0795_0102_0156_0256_0256.jpg 1 102 156 256 256
0796_0064_0043_0209_0209.jpg 1 64 43 209 209
0797_0181_0253_0070_0070.jpg 1 181 253 70 70
0798_0154_0127_0130_0130.jpg 1 154 127 130 130
0799_0046_0035_0230_0230.jpg 1 46 35 230 230
0800_0394_0232_0028_0028.jpg 1 394 232 28 28
0801_0125_0085_0309_0309.jpg 1 125 85 309 309
0802_0125_0059_0313_0313.jpg 1 125 59 313 313
0803_0231_0035_0309_0309.jpg 1 231 35 309 309
0804_0330_0092_0057_0057.jpg 1 330 92 57 57
0805_0078_0057_0300_0300.jpg 1 78 57 300 300
0806_0366_0159_0132_0132.jpg 1 366 159 132 132
0807_0234_0133_0029_0029.jpg 1 234 133 29 29
0808_0120_0191_0064_0064.jpg 1 120 191 64 64
0809_0146_0293_0040_0040.jpg 1 146 293 40 40
0810_0143_0062_0180_0180.jpg 1 143 62 180 180
0811_0129_0100_0201_0201.jpg 1 129 100 201 201
0812_0282_0101_0273_0273.jpg 1 282 101 273 273
0813_0190_0269_0123_0123.jpg 1 190 269 123 123
0814_0375_0128_0145_0145.jpg 1 375 128 145 145
0815_0155_0045_0243_0243.jpg 1 155 45 243 243
0816_0037_0038_0304_0304.jpg 1 37 38 304 304
0817_0168_0261_0135_0135.jpg 1 168 261 135 135
0818_0386_0155_0121_0121.jpg 1 386 155 121 121
0819_0170_0135_0152_0152.jpg 1 170 135 152 152
0820_0150_0200_0126_0126.jpg 1 150 200 126 126
0821_0095_0192_0113_0113.jpg 1 95 192 113 113
0822_0051_0105_0210_0210.jpg 1 51 105 210 210
0823_0243_0134_0300_0300.jpg 1 243 134 300 300
0824_0067_0065_0228_0228.jpg 1 67 65 228 228
0825_0315_0078_0225_0225.jpg 1 315 78 225 225
0826_0208_0277_0126_0126.jpg 1 208 277 126 126
0827_0135_0221_0178_0178.jpg 1 135 221 178 178
0828_0140_0100_0322_0322.jpg 1 140 100 322 322
0829_0042_0020_0283_0283.jpg 1 42 20 283 283
0830_0058_0241_0130_0130.jpg 1 58 241 130 130
0831_0180_0088_0174_0174.jpg 1 180 88 174 174
0832_0283_0094_0200_0200.jpg 1 283 94 200 200
0833_0215_0077_0039_0039.jpg 1 215 77 39 39
0834_0271_0293_0112_0112.jpg 1 271 293 112 112
0835_0246_0278_0081_0081.jpg 1 246 278 81 81
0836_0187_0061_0198_0198.jpg 1 187 61 198 198
0837_0070_0273_0135_0135.jpg 1 70 273 135 135
0838_0117_0113_0040_0040.jpg 1 117 113 40 40
0839_0231_0158_0243_0243.jpg 1 231 158 243 243
0840_0068_0233_0026_0026.jpg 1 68 233 26 26
0841_0317_0071_0132_0132.jpg 1 317 71 132 132
0842_0190_0115_0304_0304.jpg 1 190 115 304 304
0843_0177_0087_0098_0098.jpg 1 177 87 98 98
0844_0320_0058_0086_0086.jpg 1 320 58 86 86
0845_0205_0116_0229_0229.jpg 1 205 116 229 229
0846_0348_0039_0088_0088.jpg 1 348 39 88 88
0847_0205_0093_0226_0226.jpg 1 205 93 226 226
0848_0247_0252_0029_0029.jpg 1 247 252 29 29
0849_0078_0133_0105_0105.jpg 1 78 133 105 105
0850_0413_0332_0039_0039.jpg 1 413 332 39 39
0851_0289_0130_0256_0256.jpg 1 289 130 256 256
0852_0069_0201_0119_0119.jpg 1 69 201 119 119
0853_0189_0301_0083_0083.jpg 1 189 301 83 83
0854_0059_0040_0135_0135.jpg 1 59 40 135 135
0855_0290_0191_0197_0197.jpg 1 290 191 197 197
0856_0134_0169_0127_0127.jpg 1 134 169 127 127
0857_0117_0080_0240_0240.jpg 1 117 80 240 240
0858_0107_0255_0074_0074.jpg 1 107 255 74 74
0859_0155_0168_0256_0256.jpg 1 155 168 256 256
0860_0166_0063_0312_0312.jpg 1 166 63 312 312
0861_0072_0279_0033_0033.jpg 1 72 279 33 33
0862_0214_0077_0051_0051.jpg 1 214 77 51 51
0863_0183_0136_0238_0238.jpg 1 183 136 238 238
0864_0148_0106_0322_0322.jpg 1 148 106 322 322
0865_0335_0107_0200_0200.jpg 1 335 107 200 200
0866_0249_0108_0225_0225.jpg 1 249 108 225 225
0867_0159_0072_0145_0145.jpg 1 159 72 145 145
0868_0053_0083_0157_0157.jpg 1 53 83 157 157
0869_0132_0091_0083_0083.jpg 1 132 91 83 83
0870_0284_0031_0238_0238.jpg 1 284 31 238 238
0871_0118_0096_0133_0133.jpg 1 118 96 133 133
0872_0338_0199_0187_0187.jpg 1 338 199 187 187
0873_0388_0148_0042_0042.jpg 1 388 148 42 42
0874_0133_0143_0214_0214.jpg 1 133 143 214 214
0875_0351_0105_0065_0065.jpg 1 351 105 65 65
0876_0138_0078_0131_0131.jpg 1 138 78 131 131
0877_0254_0082_0237_0237.jpg 1 254 82 237 237
0878_0236_0176_0167_0167.jpg 1 236 176 167 167
0879_0222_0141_0199_0199.jpg 1 222 141 199 199
0880_0153_0045_0331_0331.jpg 1 153 45 331 331
0881_0170_0053_0309_0309.jpg 1 170 53 309 309
0882_0196_0120_0225_0225.jpg 1 196 120 225 225
0883_0141_0156_0284_0284.jpg 1 141 156 284 284
0884_0057_0174_0242_0242.jpg 1 57 174 242 242
0885_0110_0059_0066_0066.jpg 1 110 59 66 66
0886_0079_0087_0309_0309.jpg 1 79 87 309 309
0887_0069_0085_0328_0328.jpg 1 69 85 328 328
0888_0098_0059_0287_0287.jpg 1 98 59 287 287
0889_0057_0030_0293_0293.jpg 1 57 30 293 293
0890_0332_0248_0133_0133.jpg 1 332 248 133 133
0891_0216_0339_0050_0050.jpg 1 216 339 50 50
0892_0370_0109_0166_0166.jpg 1 370 109 166 166
0893_0118_0257_0071_0071.jpg 1 118 257 71 71
0894_0153_0110_0287_0287.jpg 1 153 110 287 287
0895_0296_0268_0025_0025.jpg 1 296 268 25 25
0896_0323_0301_0102_0102.jpg 1 323 301 102 102
0897_0217_0140_0247_0247.jpg 1 217 140 247 247
0898_0036_0073_0313_0313.jpg 1 36 73 313 313
0899_0069_0044_0290_0290.jpg 1 69 44 290 290
0900_0169_0172_0044_0044.jpg 1 169 172 44 44
0901_0070_0064_0315_0315.jpg 1 70 64 315 315
0902_0253_0074_0161_0161.jpg 1 253 74 161 161
0903_0319_0151_0055_0055.jpg 1 319 151 55 55
0904_0243_0186_0211_0211.jpg 1 243 186 211 211
0905_0141_0148_0264_0264.jpg 1 141 148 264 264
0906_0254_0187_0034_0034.jpg 1 254 187 34 34
0907_0326_0144_0051_0051.jpg 1 326 144 51 51
0908_0090_0348_0035_0035.jpg 1 90 348 35 35
0909_0259_0152_0045_0045.jpg 1 259 152 45 45
0910_0114_0139_0249_0249.jpg 1 114 139 249 249
0911_0089_0097_0257_0257.jpg 1 89 97 257 257
0912_0206_0152_0076_0076.jpg 1 206 152 76 76
0913_0088_0158_0148_0148.jpg 1 88 158 148 148
0914_0185_0204_0138_0138.jpg 1 185 204 138 138
0915_0202_0035_0284_0284.jpg 1 202 35 284 284
0916_0113_0215_0024_0024.jpg 1 113 215 24 24
0917_0212_0254_0125_0125.jpg 1 212 254 125 125
0918_0364_0191_0118_0118.jpg 1 364 191 118 118
0919_0396_0143_0140_0140.jpg 1 396 143 140 140
0920_0291_0214_0063_0063.jpg 1 291 214 63 63
0921_0099_0046_0153_0153.jpg 1 99 46 153 153
0922_0314_0045_0034_0034.jpg 1 314 45 34 34
0923_0220_0128_0283_0283.jpg 1 220 128 283 283
0924_0181_0185_0246_0246.jpg 1 181 185 246 246
0925_0058_0159_0252_0252.jpg 1 58 159 252 252
0926_0107_0195_0205_0205.jpg 1 107 195 205 205
0927_0227_0048_0241_0241.jpg 1 227 48 241 241
0928_0312_0176_0098_0098.jpg 1 312 176 98 98
0929_0159_0193_0170_0170.jpg 1 159 193 170 170
0930_0392_0135_0112_0112.jpg 1 392 135 112 112
0931_0123_0169_0227_0227.jpg 1 123 169 227 227
0932_0343_0251_0052_0052.jpg 1 343 251 52 52
0933_0124_0104_0058_0058.jpg 1 124 104 58 58
0934_0336_0057_0113_0113.jpg 1 336 57 113 113
0935_0345_0188_0169_0169.jpg 1 345 188 169 169
0936_0261_0098_0235_0235.jpg 1 261 98 235 235
0937_0335_0056_0064_0064.jpg 1 335 56 64 64
0938_0274_0207_0131_0131.jpg 1 274 207 131 131
0939_0332_0178_0139_0139.jpg 1 332 178 139 139
0940_0213_0098_0306_0306.jpg 1 213 98 306 306
0941_0209_0175_0036_0036.jpg 1 209 175 36 36
0942_0074_0187_0197_0197.jpg 1 74 187 197 197
0943_0074_0212_0069_0069.jpg 1 74 212 69 69
0944_0307_0312_0072_0072.jpg 1 307 312 72 72
0945_0321_0195_0193_0193.jpg 1 321 195 193 193
0946_0057_0045_0280_0280.jpg 1 57 45 280 280
0947_0046_0081_0306_0306.jpg 1 46 81 306 306
0948_0390_0167_0118_0118.jpg 1 390 167 118 118
0949_0431_0182_0050_0050.jpg 1 431 182 50 50
0950_0087_0109_0255_0255.jpg 1 87 109 255 255
0951_0126_0159_0262_0262.jpg 1 126 159 262 262
0952_0229_0073_0270_0270.jpg 1 229 73 270 270
0953_0171_0217_0161_0161.jpg 1 171 217 161 161
0954_0420_0300_0039_0039.jpg 1 420 300 39 39
0955_0177_0213_0206_0206.jpg 1 177 213 206 206
0956_0052_0244_0144_0144.jpg 1 52 244 144 144
0957_0324_0061_0225_0225.jpg 1 324 61 225 225
0958_0337_0049_0066_0066.jpg 1 337 49 66 66
0959_0396_0268_0089_0089.jpg 1 396 268 89 89
0960_0158_0087_0321_0321.jpg 1 158 87 321 321
0961_0256_0115_0084_0084.jpg 1 256 115 84 84
0962_0084_0314_0085_0085.jpg 1 84 314 85 85
0963_0073_0033_0284_0284.jpg 1 73 33 284 284
0964_0059_0206_0190_0190.jpg 1 59 206 190 190
0965_0345_0191_0123_0123.jpg 1 345 191 123 123
0966_0264_0065_0232_0232.jpg 1 264 65 232 232
0967_0214_0281_0100_0100.jpg 1 214 281 100 100
0968_0158_0314_0067_0067.jpg 1 158 314 67 67
0969_0153_0237_0064_0064.jpg 1 153 237 64 64
0970_0189_0232_0059_0059.jpg 1 189 232 59 59
0971_0035_0083_0288_0288.jpg 1 35 83 288 288
0972_0170_0037_0323_0323.jpg 1 170 37 323 323
0973_0146_0098_0176_0176.jpg 1 146 98 176 176
0974_0207_0170_0110_0110.jpg 1 207 170 110 110
0975_0129_0329_0060_0060.jpg 1 129 329 60 60
0976_0174_0094_0329_0329.jpg 1 174 94 329 329
0977_0264_0018_0305_0305.jpg 1 264 18 305 305
0978_0301_0186_0213_0213.jpg 1 301 186 213 213
0979_0072_0016_0322_0322.jpg 1 72 16 322 322
0980_0087_0146_0044_0044.jpg 1 87 146 44 44
0981_0073_0065_0317_0317.jpg 1 73 65 317 317
0982_0376_0342_0035_0035.jpg 1 376 342 35 35
0983_0278_0147_0166_0166.jpg 1 278 147 166 166
0984_0052_0053_0294_0294.jpg 1 52 53 294 294
0985_0299_0080_0258_0258.jpg 1 299 80 258 258
0986_0289_0071_0244_0244.jpg 1 289 71 244 244
0987_0203_0042_0322_0322.jpg 1 203 42 322 322
0988_0244_0173_0034_0034.jpg 1 244 173 34 34
0989_0170_0054_0320_0320.jpg 1 170 54 320 320
0990_0124_0295_0049_0049.jpg 1 124 295 49 49
0991_0283_0140_0241_0241.jpg 1 283 140 241 241
0992_0218_0262_0101_0101.jpg 1 218 262 101 101
0993_0224_0124_0293_0293.jpg 1 224 124 293 293
0994_0390_0214_0093_0093.jpg 1 390 214 93 93
0995_0071_0019_0302_0302.jpg 1 71 19 302 302
0996_0260_0157_0103_0103.jpg 1 260 157 103 103
0997_0242_0228_0067_0067.jpg 1 242 228 67 67
0998_0240_0139_0188_0188.jpg 1 240 139 188 188
0999_0068_0123_0160_0160.jpg 1 68 123 160 160
1000_0229_0076_0250_0250.jpg 1 229 76 250 250
1001_0262_0197_0085_0085.jpg 1 262 197 85 85
1002_0135_0061_0253_0253.jpg 1 135 61 253 253
1003_0134_0157_0253_0253.jpg 1 134 157 253 253
1004_0396_0044_0069_0069.jpg 1 396 44 69 69
1005_0186_0153_0207_0207.jpg 1 186 153 207 207
1006_0243_0080_0271_0271.jpg 1 243 80 271 271
1007_0207_0125_0260_0260.jpg 1 207 125 260 260
1008_0060_0079_0168_0168.jpg 1 60 79 168 168
1009_0397_0044_0079_0079.jpg 1 397 44 79 79
1010_0355_0091_0168_0168.jpg 1 355 91 168 168
1011_0135_0134_0266_0266.jpg 1 135 134 266 266
1012_0341_0054_0204_0204.jpg 1 341 54 204 204
1013_0208_0279_0051_0051.jpg 1 208 279 51 51
1014_0273_0080_0276_0276.jpg 1 273 80 276 276
1015_0066_0102_0024_0024.jpg 1 66 102 24 24
1016_0187_0102_0270_0270.jpg 1 187 102 270 270
1017_0200_0210_0060_0060.jpg 1 200 210 60 60
1018_0259_0169_0180_0180.jpg 1 259 169 180 180
1019_0092_0156_0196_0196.jpg 1 92 156 196 196
1020_0138_0078_0200_0200.jpg 1 138 78 200 200
1021_0255_0195_0054_0054.jpg 1 255 195 54 54
1022_0216_0074_0312_0312.jpg 1 216 74 312 312
1023_0064_0111_0240_0240.jpg 1 64 111 240 240
1024_0436_0080_0055_0055.jpg 1 436 80 55 55
1025_0294_0297_0086_0086.jpg 1 294 297 86 86
1026_0158_0064_0184_0184.jpg 1 158 64 184 184
1027_0168_0109_0160_0160.jpg 1 168 109 160 160
1028_0235_0143_0297_0297.jpg 1 235 143 297 297
1029_0245_0255_0118_0118.jpg 1 245 255 118 118
1030_0118_0016_0321_0321.jpg 1 118 16 321 321
1031_0467_0191_0053_0053.jpg 1 467 191 53 53
1032_0138_0088_0280_0280.jpg 1 138 88 280 280
1033_0271_0171_0153_0153.jpg 1 271 171 153 153
1034_0458_0203_0049_0049.jpg 1 458 203 49 49
1035_0131_0031_0331_0331.jpg 1 131 31 331 331
1036_0082_0118_0330_0330.jpg 1 82 118 330 330
1037_0333_0065_0087_0087.jpg 1 333 65 87 87
1038_0172_0031_0207_0207.jpg 1 172 31 207 207
1039_0116_0302_0060_0060.jpg 1 116 302 60 60
1040_0297_0171_0159_0159.jpg 1 297 171 159 159
1041_0278_0198_0208_0208.jpg 1 278 198 208 208
1042_0128_0131_0066_0066.jpg 1 128 131 66 66
1043_0080_0251_0077_0077.jpg 1 80 251 77 77
1044_0186_0060_0231_0231.jpg 1 186 60 231 231
1045_0200_0077_0199_0199.jpg 1 200 77 199 199
1046_0091_0217_0198_0198.jpg 1 91 217 198 198
1047_0131_0245_0142_0142.jpg 1 131 245 142 142
1048_0264_0109_0250_0250.jpg 1 264 109 250 250
1049_0190_0037_0278_0278.jpg 1 190 37 278 278
1050_0358_0051_0171_0171.jpg 1 358 51 171 171
1051_0245_0067_0333_0333.jpg 1 245 67 333 333
1052_0433_0232_0062_0062.jpg 1 433 232 62 62
1053_0285_0062_0105_0105.jpg 1 285 62 105 105
1054_0177_0086_0037_0037.jpg 1 177 86 37 37
1055_0322_0270_0110_0110.jpg 1 322 270 110 110
1056_0420_0131_0089_0089.jpg 1 420 131 89 89
1057_0363_0035_0171_0171.jpg 1 363 35 171 171
1058_0158_0075_0234_0234.jpg 1 158 75 234 234
1059_0235_0180_0225_0225.jpg 1 235 180 225 225
1060_0111_0139_0071_0071.jpg 1 111 139 71 71
1061_0096_0032_0273_0273.jpg 1 96 32 273 273
1062_0160_0020_0275_0275.jpg 1 160 20 275 275
1063_0343_0215_0082_0082.jpg 1 343 215 82 82
1064_0210_0159_0150_0150.jpg 1 210 159 150 150
1065_0081_0204_0064_0064.jpg 1 81 204 64 64
1066_0315_0206_0057_0057.jpg 1 315 206 57 57
1067_0125_0271_0127_0127.jpg 1 125 271 127 127
1068_0405_0105_0110_0110.jpg 1 405 105 110 110
1069_0199_0106_0223_0223.jpg 1 199 106 223 223
1070_0268_0148_0233_0233.jpg 1 268 148 233 233
1071_0179_0091_0278_0278.jpg 1 179 91 278 278
1072_0294_0264_0149_0149.jpg 1 294 264 149 149
1073_0306_0224_0199_0199.jpg 1 306 224 199 199
1074_0185_0023_0315_0315.jpg 1 185 23 315 315
1075_0360_0188_0182_0182.jpg 1 360 188 182 182
1076_0128_0044_0205_0205.jpg 1 128 44 205 205
1077_0252_0067_0285_0285.jpg 1 252 67 285 285
1078_0426_0216_0045_0045.jpg 1 426 216 45 45
1079_0088_0095_0259_0259.jpg 1 88 95 259 259
1080_0191_0048_0286_0286.jpg 1 191 48 286 286
1081_0059_0124_0286_0286.jpg 1 59 124 286 286
1082_0438_0209_0025_0025.jpg 1 438 209 25 25
1083_0289_0228_0194_0194.jpg 1 289 228 194 194
1084_0124_0123_0152_0152.jpg 1 124 123 152 152
1085_0048_0048_0284_0284.jpg 1 48 48 284 284
1086_0283_0055_0260_0260.jpg 1 283 55 260 260
1087_0253_0112_0304_0304.jpg 1 253 112 304 304
1088_0167_0140_0202_0202.jpg 1 167 140 202 202
1089_0056_0169_0228_0228.jpg 1 56 169 228 228
1090_0080_0295_0056_0056.jpg 1 80 295 56 56
1091_0086_0139_0288_0288.jpg 1 86 139 288 288
1092_0275_0232_0125_0125.jpg 1 275 232 125 125
1093_0326_0352_0024_0024.jpg 1 326 352 24 24
1094_0079_0242_0085_0085.jpg 1 79 242 85 85
1095_0159_0076_0132_0132.jpg 1 159 76 132 132
1096_0099_0169_0219_0219.jpg 1 99 169 219 219
1097_0200_0141_0284_0284.jpg 1 200 141 284 284
1098_0337_0154_0165_0165.jpg 1 337 154 165 165
1099_0270_0157_0216_0216.jpg 1 270 157 216 216
1100_0110_0198_0076_0076.jpg 1 110 198 76 76
